<?xml version="1.0" encoding="UTF-8"?>
<persistence version="2.0"
             xmlns="http://java.sun.com/xml/ns/persistence" xmlns:xsi="http://www.w3.org/2001/XMLSchema-instance"
             xsi:schemaLocation="http://java.sun.com/xml/ns/persistence http://java.sun.com/xml/ns/persistence/persistence_2_0.xsd">
    <persistence-unit name="task">
        <jta-data-source>productionDatabase</jta-data-source>
        <class>com.ivo.ejb.entities.Employee</class>
        <class>com.ivo.ejb.entities.Task</class>
        <class>com.ivo.ejb.entities.TaskStatus</class>		
        <class>com.ivo.ejb.entities.Comment</class>
        <class>com.ivo.ejb.entities.CommentedTask</class>
        <class>com.ivo.ejb.entities.CommentedTaskPK</class>
        <class>com.ivo.ejb.entities.TaskPriority</class>
        <properties>
            <property name="openjpa.jdbc.SynchronizeMappings" value="buildSchema(ForeignKeys=true)" />
        </properties>
    </persistence-unit>
</persistence>