<?xml version="1.0" encoding="UTF-8"?>
<persistence version="1.0"
	xmlns="http://java.sun.com/xml/ns/persistence" xmlns:xsi="http://www.w3.org/2001/XMLSchema-instance"
	xsi:schemaLocation="http://java.sun.com/xml/ns/persistence http://java.sun.com/xml/ns/persistence/persistence_1_0.xsd">
	<persistence-unit name="testPU">
		<provider>org.eclipse.persistence.jpa.PersistenceProvider</provider>
		<jta-data-source>jdbc/arquillian</jta-data-source>
		<class>com.ivo.ejb.entities.User</class>
		<exclude-unlisted-classes>true</exclude-unlisted-classes>
		<properties>
			<!-- <property name="hibernate.connection.url" value="jdbc:hsqldb:mem:unit-testing-jpa"/> -->
			<!-- <property name="hibernate.connection.driver_class" value="org.hsqldb.jdbcDriver"/> -->
			<!-- <property name="hibernate.dialect" value="org.hibernate.dialect.HSQLDialect"/> -->
			<!-- <property name="hibernate.hbm2ddl.auto" value="create-drop"/> -->
			<!-- <property name="hibernate.connection.username" value="sa"/> -->
			<!-- <property name="hibernate.connection.password" value=""/> -->
			<property name="eclipselink.ddl-generation" value="drop-and-create-tables" />
			<property name="eclipselink.logging.level" value="INFO" />
		</properties>
	</persistence-unit>
</persistence>